Nic's Project 2 started
Thread A (ID 0x700006447000) created!
Thread B (ID 0x7000064ca000) created!
1 2 3 4 5 6 7 8 9 10 11 12 13 14 15 16 17 18 19 20 21 22 23 24 25 26 
1 2 3 4 5 6 7 8 9 10 11 12 13 14 15 16 17 18 19 20 21 22 23 24 25 26 
1 2 3 4 5 6 7 8 9 10 11 12 13 14 15 16 17 18 19 20 21 22 23 24 25 26 
1 2 3 4 5 6 7 8 9 10 11 12 13 14 15 16 17 18 19 20 21 22 23 24 25 26 
1 2 3 4 5 6 7 8 9 10 11 12 13 14 15 16 17 18 19 20 21 22 23 24 25 26 
1 2 3 4 5 6 7 8 9 10 11 12 13 14 15 16 17 18 19 20 21 22 23 24 25 26 
1 2 3 4 5 6 7 8 9 10 11 12 13 14 15 16 17 18 19 20 21 22 23 24 25 26 
1 2 3 4 5 6 7 8 9 10 11 12 13 14 15 16 17 18 19 20 21 22 23 24 25 26 
1 2 3 4 5 6 7 8 9 10 11 12 13 14 15 16 17 18 19 20 21 22 23 24 25 26 
1 2 3 4 5 6 7 8 9 10 11 12 13 14 15 16 17 18 19 20 21 22 23 24 25 26 
A B C D E F G H I J K L M N O P Q R S T U V W X Y Z 
A B C D E F G H I J K L M N O P Q R S T U V W X Y Z 
A B C D E F G H I J K L M N O P Q R S T U V W X Y Z 
A B C D E F G H I J K L M N O P Q R S T U V W X Y Z 
A B C D E F G H I J K L M N O P Q R S T U V W X Y Z 
A B C D E F G H I J K L M N O P Q R S T U V W X Y Z 
A B C D E F G H I J K L M N O P Q R S T U V W X Y Z 
A B C D E F G H I J K L M N O P Q R S T U V W X Y Z 
A B C D E F G H I J K L M N O P Q R S T U V W X Y Z 
A B C D E F G H I J K L M N O P Q R S T U V W X Y Z 
Thread A (ID 0x0) terminated!
Thread B (ID 0x0) terminated!
Nic's Project 2 ended
